<?xml version="1.0" encoding="utf-8"?><testsuites name="pytest tests"><testsuite name="pytest" errors="1" failures="6" skipped="0" tests="7" time="5.307" timestamp="2025-09-09T18:01:18.751481-05:00" hostname="DESKTOP-ORTV2RC"><testcase classname="tests.e2e.test_api_e2e.TestCausalMemoryCoreE2E" name="test_e2e_single_event_workflow" time="0.085"><failure message="AttributeError: 'list' object has no attribute 'tolist'">tests\e2e\test_api_e2e.py:64: in test_e2e_single_event_workflow
    memory_core.add_event(event_text)
src\causal_memory_core.py:97: in add_event
    effect_embedding = self.embedder.encode(effect_text).tolist()
                       ^^^^^^^^^^^^^^^^^^^^^^^^^^^^^^^^^^^^^^^^
E   AttributeError: 'list' object has no attribute 'tolist'</failure></testcase><testcase classname="tests.e2e.test_api_e2e.TestCausalMemoryCoreE2E" name="test_e2e_causal_chain_workflow" time="0.074"><failure message="AttributeError: 'list' object has no attribute 'tolist'">tests\e2e\test_api_e2e.py:108: in test_e2e_causal_chain_workflow
    memory_core.add_event(event)
src\causal_memory_core.py:97: in add_event
    effect_embedding = self.embedder.encode(effect_text).tolist()
                       ^^^^^^^^^^^^^^^^^^^^^^^^^^^^^^^^^^^^^^^^
E   AttributeError: 'list' object has no attribute 'tolist'</failure></testcase><testcase classname="tests.e2e.test_api_e2e.TestCausalMemoryCoreE2E" name="test_e2e_memory_persistence" time="0.072"><failure message="AttributeError: 'list' object has no attribute 'tolist'">tests\e2e\test_api_e2e.py:136: in test_e2e_memory_persistence
    memory_core1.add_event(event_text)
src\causal_memory_core.py:97: in add_event
    effect_embedding = self.embedder.encode(effect_text).tolist()
                       ^^^^^^^^^^^^^^^^^^^^^^^^^^^^^^^^^^^^^^^^
E   AttributeError: 'list' object has no attribute 'tolist'</failure></testcase><testcase classname="tests.e2e.test_api_e2e.TestCausalMemoryCoreE2E" name="test_e2e_memory_persistence" time="0.000"><error message="failed on teardown with &quot;PermissionError: [WinError 32] The process cannot access the file because it is being used by another process: 'C:\\Users\\Wykeve\\AppData\\Local\\Temp\\tmpar7_w1lu.db'&quot;">tests\e2e\test_api_e2e.py:33: in temp_db_path
    os.unlink(temp_db_path)
E   PermissionError: [WinError 32] The process cannot access the file because it is being used by another process: 'C:\\Users\\Wykeve\\AppData\\Local\\Temp\\tmpar7_w1lu.db'</error></testcase><testcase classname="tests.e2e.test_api_e2e.TestCausalMemoryCoreE2E" name="test_e2e_no_relevant_context" time="0.087"><failure message="AttributeError: 'list' object has no attribute 'tolist'">tests\e2e\test_api_e2e.py:172: in test_e2e_no_relevant_context
    memory_core.add_event("User prepared a delicious pasta dish")
src\causal_memory_core.py:97: in add_event
    effect_embedding = self.embedder.encode(effect_text).tolist()
                       ^^^^^^^^^^^^^^^^^^^^^^^^^^^^^^^^^^^^^^^^
E   AttributeError: 'list' object has no attribute 'tolist'</failure></testcase><testcase classname="tests.e2e.test_api_e2e.TestCausalMemoryCoreE2E" name="test_e2e_error_handling_invalid_db_path" time="0.027" /><testcase classname="tests.e2e.test_api_e2e.TestCausalMemoryCoreE2E" name="test_e2e_large_context_query" time="0.092"><failure message="AttributeError: 'list' object has no attribute 'tolist'">tests\e2e\test_api_e2e.py:206: in test_e2e_large_context_query
    memory_core.add_event(f"User performed action {i} in the workflow")
src\causal_memory_core.py:97: in add_event
    effect_embedding = self.embedder.encode(effect_text).tolist()
                       ^^^^^^^^^^^^^^^^^^^^^^^^^^^^^^^^^^^^^^^^
E   AttributeError: 'list' object has no attribute 'tolist'</failure></testcase><testcase classname="tests.e2e.test_api_e2e.TestCausalMemoryCoreE2E" name="test_e2e_special_characters_in_events" time="0.088"><failure message="AttributeError: 'list' object has no attribute 'tolist'">tests\e2e\test_api_e2e.py:238: in test_e2e_special_characters_in_events
    memory_core.add_event(event)
src\causal_memory_core.py:97: in add_event
    effect_embedding = self.embedder.encode(effect_text).tolist()
                       ^^^^^^^^^^^^^^^^^^^^^^^^^^^^^^^^^^^^^^^^
E   AttributeError: 'list' object has no attribute 'tolist'</failure></testcase></testsuite></testsuites>