<?xml version="1.0" encoding="utf-8"?><testsuites name="pytest tests"><testsuite name="pytest" errors="0" failures="0" skipped="0" tests="9" time="24.407" timestamp="2025-09-09T18:00:52.646063-05:00" hostname="DESKTOP-ORTV2RC"><testcase classname="tests.test_memory_core.TestCausalMemoryCore" name="test_add_event_with_cause" time="4.822" /><testcase classname="tests.test_memory_core.TestCausalMemoryCore" name="test_add_event_without_cause" time="0.086" /><testcase classname="tests.test_memory_core.TestCausalMemoryCore" name="test_cosine_similarity_calculation" time="0.081" /><testcase classname="tests.test_memory_core.TestCausalMemoryCore" name="test_database_initialization" time="0.089" /><testcase classname="tests.test_memory_core.TestCausalMemoryCore" name="test_event_class" time="0.072" /><testcase classname="tests.test_memory_core.TestCausalMemoryCore" name="test_get_context_causal_chain" time="0.095" /><testcase classname="tests.test_memory_core.TestCausalMemoryCore" name="test_get_context_no_events" time="0.076" /><testcase classname="tests.test_memory_core.TestCausalMemoryCore" name="test_get_context_single_event" time="0.091" /><testcase classname="tests.test_memory_core.TestCausalMemoryCore" name="test_similarity_threshold" time="0.091" /></testsuite></testsuites>